TN:
SF:src/components/Forms/AddItemForm.js
FN:6,AddItemForm
FN:11,submitHandler
FNF:2
FNH:1
FNDA:1,AddItemForm
FNDA:0,submitHandler
DA:1,1
DA:2,1
DA:3,1
DA:4,1
DA:5,1
DA:6,1
DA:7,1
DA:8,1
DA:9,1
DA:10,1
DA:11,1
DA:12,0
DA:13,0
DA:14,0
DA:15,0
DA:16,0
DA:17,0
DA:18,0
DA:19,0
DA:20,0
DA:21,0
DA:22,0
DA:23,0
DA:24,0
DA:25,0
DA:26,0
DA:27,0
DA:28,0
DA:29,0
DA:30,0
DA:31,0
DA:32,0
DA:33,0
DA:34,0
DA:35,0
DA:36,0
DA:37,0
DA:38,0
DA:39,1
DA:40,1
DA:41,1
DA:42,1
DA:43,1
DA:44,1
DA:45,1
DA:46,1
DA:47,1
DA:48,1
DA:49,1
DA:50,1
DA:51,1
DA:52,1
DA:53,0
DA:54,0
DA:55,1
DA:56,1
LF:56
LH:27
BRDA:6,0,0,1
BRDA:53,1,0,0
BRDA:10,2,0,1
BRF:3
BRH:2
end_of_record
TN:
SF:src/components/Forms/Appointmentform.js
FN:8,Appointmentform
FNF:1
FNH:0
FNDA:0,Appointmentform
DA:1,1
DA:2,1
DA:3,1
DA:4,1
DA:5,1
DA:6,1
DA:7,1
DA:8,1
DA:9,0
DA:10,0
DA:11,0
DA:12,0
DA:13,0
DA:14,0
DA:15,0
DA:16,0
DA:17,0
DA:18,0
DA:19,0
DA:20,0
DA:21,0
DA:22,0
DA:23,0
DA:24,0
DA:25,0
DA:26,0
DA:27,0
DA:28,0
DA:29,0
DA:30,0
DA:31,0
DA:32,0
DA:33,0
DA:34,0
DA:35,0
DA:36,0
DA:37,0
DA:38,0
DA:39,0
DA:40,0
DA:41,0
DA:42,0
DA:43,0
DA:44,0
DA:45,0
DA:46,0
DA:47,0
DA:48,0
DA:49,0
DA:50,0
DA:51,0
DA:52,0
DA:53,0
DA:54,0
DA:55,0
DA:56,0
DA:57,0
DA:58,0
DA:59,0
DA:60,0
DA:61,0
DA:62,0
DA:63,0
DA:64,0
DA:65,0
DA:66,0
DA:67,0
DA:68,0
DA:69,0
DA:70,0
DA:71,0
DA:72,0
DA:73,0
DA:74,0
DA:75,0
DA:76,0
DA:77,0
DA:78,0
DA:79,0
DA:80,0
DA:81,0
DA:82,0
DA:83,0
DA:84,0
DA:85,0
DA:86,0
DA:87,0
DA:88,0
DA:89,0
DA:90,0
DA:91,0
DA:92,0
DA:93,0
DA:94,0
DA:95,0
DA:96,0
DA:97,0
DA:98,0
DA:99,1
DA:100,1
LF:100
LH:10
BRF:0
BRH:0
end_of_record
TN:
SF:src/components/Pages/MyAppointmentDetail.js
FN:7,MyAppointmentDetail
FNF:1
FNH:1
FNDA:1,MyAppointmentDetail
DA:1,1
DA:2,1
DA:3,1
DA:4,1
DA:5,1
DA:6,1
DA:7,1
DA:8,1
DA:9,1
DA:10,1
DA:11,1
DA:12,0
DA:13,0
DA:14,0
DA:15,0
DA:16,1
DA:17,1
DA:18,1
DA:19,1
DA:20,0
DA:21,0
DA:22,0
DA:23,0
DA:24,0
DA:25,0
DA:26,0
DA:27,0
DA:28,0
DA:29,0
DA:30,0
DA:31,0
DA:32,0
DA:33,0
DA:34,0
DA:35,0
DA:36,0
DA:37,0
DA:38,0
DA:39,0
DA:40,0
DA:41,0
DA:42,0
DA:43,0
DA:44,0
DA:45,0
DA:46,0
DA:47,1
DA:48,1
LF:48
LH:17
BRDA:7,0,0,1
BRDA:19,1,0,0
BRDA:10,2,0,1
BRF:3
BRH:2
end_of_record
TN:
SF:src/components/Pages/NavBar.js
FN:8,Navbar
FN:15,clickHandler
FNF:2
FNH:1
FNDA:1,Navbar
FNDA:0,clickHandler
DA:1,1
DA:2,1
DA:3,1
DA:4,1
DA:5,1
DA:6,1
DA:7,1
DA:8,1
DA:9,1
DA:10,1
DA:11,1
DA:12,1
DA:13,1
DA:14,1
DA:15,1
DA:16,0
DA:17,0
DA:18,0
DA:19,0
DA:20,0
DA:21,1
DA:22,0
DA:23,0
DA:24,0
DA:25,0
DA:26,0
DA:27,1
DA:28,1
DA:29,1
DA:30,1
DA:31,1
DA:32,1
DA:33,1
DA:34,1
DA:35,1
DA:36,1
DA:37,1
DA:38,1
DA:39,1
DA:40,1
DA:41,1
DA:42,0
DA:43,0
DA:44,0
DA:45,0
DA:46,0
DA:47,0
DA:48,0
DA:49,0
DA:50,0
DA:51,0
DA:52,0
DA:53,0
DA:54,1
DA:55,1
DA:56,1
DA:57,1
DA:58,1
DA:59,1
DA:60,1
LF:60
LH:38
BRDA:8,0,0,1
BRDA:37,1,0,0
BRDA:42,2,0,0
BRDA:54,3,0,0
BRDA:11,4,0,1
BRDA:12,5,0,1
BRF:6
BRH:3
end_of_record
TN:
SF:src/components/Pages/Details/CarDetail.js
FN:8,CarDetail
FNF:1
FNH:1
FNDA:1,CarDetail
DA:1,1
DA:2,1
DA:3,1
DA:4,1
DA:5,1
DA:6,1
DA:7,1
DA:8,1
DA:9,1
DA:10,1
DA:11,1
DA:12,1
DA:13,0
DA:14,0
DA:15,0
DA:16,0
DA:17,1
DA:18,1
DA:19,1
DA:20,1
DA:21,0
DA:22,0
DA:23,0
DA:24,0
DA:25,0
DA:26,0
DA:27,0
DA:28,0
DA:29,0
DA:30,0
DA:31,0
DA:32,0
DA:33,0
DA:34,0
DA:35,0
DA:36,0
DA:37,0
DA:38,0
DA:39,0
DA:40,0
DA:41,0
DA:42,0
DA:43,0
DA:44,0
DA:45,0
DA:46,0
DA:47,0
DA:48,0
DA:49,0
DA:50,0
DA:51,0
DA:52,1
DA:53,1
DA:54,1
DA:55,1
DA:56,1
DA:57,1
DA:58,1
DA:59,1
LF:59
LH:24
BRDA:8,0,0,1
BRDA:21,1,0,0
BRDA:10,2,0,1
BRF:3
BRH:2
end_of_record
TN:
SF:src/redux/configureStore.js
FN:19,deletecarmiddleware
FN:35,middleware
FNF:2
FNH:2
FNDA:4,deletecarmiddleware
FNDA:4,middleware
DA:1,1
DA:2,1
DA:3,1
DA:4,1
DA:5,1
DA:6,1
DA:7,1
DA:8,1
DA:9,1
DA:10,1
DA:11,1
DA:12,1
DA:13,1
DA:14,1
DA:15,1
DA:16,1
DA:17,1
DA:18,1
DA:19,1
DA:20,0
DA:21,0
DA:22,0
DA:23,0
DA:24,0
DA:25,0
DA:26,0
DA:27,0
DA:28,0
DA:29,0
DA:30,1
DA:31,1
DA:32,1
DA:33,1
DA:34,1
DA:35,1
DA:36,1
DA:37,1
DA:38,1
DA:39,1
DA:40,1
DA:41,1
LF:41
LH:31
BRDA:19,0,0,4
BRDA:19,1,0,4
BRDA:35,2,0,4
BRF:3
BRH:3
end_of_record
TN:
SF:src/redux/appointment/appointment.js
FN:4,reducer
FNF:1
FNH:1
FNDA:12,reducer
DA:1,1
DA:2,1
DA:3,1
DA:4,1
DA:5,12
DA:6,12
DA:7,12
DA:8,12
DA:9,12
DA:10,12
DA:11,12
DA:12,1
DA:13,1
LF:13
LH:13
BRDA:4,0,0,12
BRDA:4,1,0,0
BRDA:4,2,0,0
BRDA:6,3,0,0
BRF:4
BRH:1
end_of_record
TN:
SF:src/redux/car/car.js
FN:4,reducer
FNF:1
FNH:1
FNDA:12,reducer
DA:1,1
DA:2,1
DA:3,1
DA:4,1
DA:5,12
DA:6,12
DA:7,12
DA:8,12
DA:9,12
DA:10,12
DA:11,12
DA:12,12
DA:13,12
DA:14,12
DA:15,1
DA:16,1
LF:16
LH:16
BRDA:4,0,0,12
BRDA:4,1,0,0
BRDA:4,2,0,0
BRDA:6,3,0,0
BRDA:8,4,0,0
BRF:5
BRH:1
end_of_record
TN:
SF:src/redux/car/carDetail.js
FN:4,reducer
FNF:1
FNH:1
FNDA:12,reducer
DA:1,1
DA:2,1
DA:3,1
DA:4,1
DA:5,12
DA:6,12
DA:7,12
DA:8,12
DA:9,12
DA:10,12
DA:11,12
DA:12,12
DA:13,12
DA:14,1
DA:15,1
LF:15
LH:15
BRDA:4,0,0,12
BRDA:4,1,0,0
BRDA:4,2,0,0
BRDA:6,3,0,0
BRDA:8,4,0,0
BRF:5
BRH:1
end_of_record
TN:
SF:src/redux/user/user.js
FN:10,reducer
FNF:1
FNH:1
FNDA:12,reducer
DA:1,1
DA:2,1
DA:3,1
DA:4,1
DA:5,1
DA:6,1
DA:7,1
DA:8,1
DA:9,1
DA:10,1
DA:11,12
DA:12,12
DA:13,12
DA:14,12
DA:15,12
DA:16,12
DA:17,12
DA:18,12
DA:19,12
DA:20,12
DA:21,12
DA:22,1
DA:23,1
LF:23
LH:23
BRDA:10,0,0,12
BRDA:10,1,0,0
BRDA:10,2,0,0
BRDA:12,3,0,0
BRDA:14,4,0,0
BRDA:16,5,0,0
BRF:6
BRH:1
end_of_record
TN:
SF:src/requirments/AxiosWrapper.js
FNF:0
FNH:0
DA:1,1
DA:2,1
DA:3,1
DA:4,1
DA:5,1
DA:6,1
LF:6
LH:6
BRF:0
BRH:0
end_of_record
